<?xml version="1.0" encoding="UTF-8"?>
<!-- Generated by org.testng.reporters.JUnitReportReporter -->
<testsuite hostname="DESKTOP-2H1K675" failures="0" tests="1" name="testCases.TC001_HomePageRegister" time="42.239" errors="0" timestamp="2024-08-27T16:57:07 IST" skipped="0">
  <testcase classname="testCases.TC001_HomePageRegister" name="verify_accountRegister" time="42.239"/>
  <system-out/>
</testsuite> <!-- testCases.TC001_HomePageRegister -->
