<?xml version="1.0" encoding="UTF-8"?>
<!-- Generated by org.testng.reporters.JUnitReportReporter -->
<testsuite hostname="DESKTOP-2H1K675" failures="0" tests="1" name="testCases.TS001_ActiveLinks" time="21.630" errors="0" timestamp="2024-08-24T13:58:46 IST" skipped="0">
  <testcase classname="testCases.TS001_ActiveLinks" name="activeLinks" time="21.630"/>
  <system-out/>
</testsuite> <!-- testCases.TS001_ActiveLinks -->
