<?xml version="1.0" encoding="UTF-8"?>
<!-- Generated by org.testng.reporters.JUnitReportReporter -->
<testsuite hostname="DESKTOP-2H1K675" failures="0" tests="1" name="testCases.BaseClass" time="16.981" errors="0" timestamp="2024-08-20T17:00:37 IST" skipped="0">
  <testcase classname="testCases.BaseClass" name="setUp" time="16.981"/>
  <system-out/>
</testsuite> <!-- testCases.BaseClass -->
